::1 - - [11/Dec/2020:08:08:02 +0000] "POST /users HTTP/1.1" 201 246 "-" "PostmanRuntime/7.26.8"
::1 - - [11/Dec/2020:08:08:14 +0000] "POST /demeures HTTP/1.1" 201 233 "-" "PostmanRuntime/7.26.8"
::1 - - [11/Dec/2020:08:08:25 +0000] "POST /criteres HTTP/1.1" 201 111 "-" "PostmanRuntime/7.26.8"
::1 - - [11/Dec/2020:08:10:05 +0000] "PUT /propertys/1 HTTP/1.1" 404 150 "-" "PostmanRuntime/7.26.8"
::1 - - [11/Dec/2020:08:11:01 +0000] "POST /users/login HTTP/1.1" 200 181 "-" "PostmanRuntime/7.26.8"
::1 - - [11/Dec/2020:08:11:10 +0000] "PUT /propertys/1 HTTP/1.1" 404 150 "-" "PostmanRuntime/7.26.8"
::1 - - [11/Dec/2020:08:11:14 +0000] "PUT /propertys/1 HTTP/1.1" 404 150 "-" "PostmanRuntime/7.26.8"
::1 - - [11/Dec/2020:08:12:54 +0000] "PUT /demeures/1 HTTP/1.1" 200 29 "-" "PostmanRuntime/7.26.8"
::1 - - [11/Dec/2020:08:13:59 +0000] "GET /criterias HTTP/1.1" 404 148 "-" "PostmanRuntime/7.26.8"
::1 - - [11/Dec/2020:08:14:08 +0000] "GET /criteres HTTP/1.1" 200 226 "-" "PostmanRuntime/7.26.8"
::1 - - [11/Dec/2020:08:16:15 +0000] "PUT /criteres/1 HTTP/1.1" 200 29 "-" "PostmanRuntime/7.26.8"
::1 - - [11/Dec/2020:08:17:20 +0000] "DELETE /criteres/1 HTTP/1.1" 200 29 "-" "PostmanRuntime/7.26.8"
::1 - - [11/Dec/2020:08:18:10 +0000] "POST /demeures HTTP/1.1" 201 198 "-" "PostmanRuntime/7.26.8"
::1 - - [11/Dec/2020:08:20:23 +0000] "POST /criteres HTTP/1.1" 201 111 "-" "PostmanRuntime/7.26.8"
::1 - - [11/Dec/2020:08:20:59 +0000] "POST /criteres HTTP/1.1" 201 111 "-" "PostmanRuntime/7.26.8"
::1 - - [11/Dec/2020:08:21:22 +0000] "POST /criteres HTTP/1.1" 201 111 "-" "PostmanRuntime/7.26.8"
::1 - - [11/Dec/2020:08:21:44 +0000] "POST /criteres HTTP/1.1" 201 111 "-" "PostmanRuntime/7.26.8"
::1 - - [11/Dec/2020:08:22:21 +0000] "POST /criteres HTTP/1.1" 201 111 "-" "PostmanRuntime/7.26.8"
::1 - - [11/Dec/2020:08:22:55 +0000] "POST /demeures HTTP/1.1" 201 198 "-" "PostmanRuntime/7.26.8"
::1 - - [11/Dec/2020:08:23:39 +0000] "POST /demeures HTTP/1.1" 201 198 "-" "PostmanRuntime/7.26.8"
::1 - - [11/Dec/2020:08:24:45 +0000] "PUT /demeures/4 HTTP/1.1" 200 29 "-" "PostmanRuntime/7.26.8"
::1 - - [11/Dec/2020:08:24:52 +0000] "DELETE /demeures/4 HTTP/1.1" 200 29 "-" "PostmanRuntime/7.26.8"
::1 - - [11/Dec/2020:08:25:11 +0000] "GET /users HTTP/1.1" 200 248 "-" "PostmanRuntime/7.26.8"
::1 - - [11/Dec/2020:08:25:56 +0000] "POST /users HTTP/1.1" 201 246 "-" "PostmanRuntime/7.26.8"
::1 - - [11/Dec/2020:08:26:12 +0000] "GET /users HTTP/1.1" 200 495 "-" "PostmanRuntime/7.26.8"
::1 - - [11/Dec/2020:08:27:58 +0000] "POST /users HTTP/1.1" 201 243 "-" "PostmanRuntime/7.26.8"
::1 - - [11/Dec/2020:08:28:58 +0000] "DELETE /users/3 HTTP/1.1" 404 149 "-" "PostmanRuntime/7.26.8"
::1 - - [11/Dec/2020:08:30:37 +0000] "POST /users HTTP/1.1" 201 244 "-" "PostmanRuntime/7.26.8"
::1 - - [13/Dec/2020:15:46:20 +0000] "GET /users HTTP/1.1" 200 984 "-" "PostmanRuntime/7.26.8"
::1 - - [13/Dec/2020:15:46:38 +0000] "GET /propertys HTTP/1.1" 404 148 "-" "PostmanRuntime/7.26.8"
::1 - - [13/Dec/2020:15:46:54 +0000] "GET /demeures HTTP/1.1" 200 713 "-" "PostmanRuntime/7.26.8"
::1 - - [13/Dec/2020:15:47:03 +0000] "GET /criteres HTTP/1.1" 200 907 "-" "PostmanRuntime/7.26.8"
::1 - - [13/Dec/2020:15:47:32 +0000] "PUT /criteres/1 HTTP/1.1" 200 29 "-" "PostmanRuntime/7.26.8"
::1 - - [13/Dec/2020:15:47:49 +0000] "POST /criteres HTTP/1.1" 201 111 "-" "PostmanRuntime/7.26.8"
::1 - - [13/Dec/2020:15:54:36 +0000] "POST /criteres HTTP/1.1" 201 111 "-" "PostmanRuntime/7.26.8"
::1 - - [13/Dec/2020:15:57:59 +0000] "POST /criteres HTTP/1.1" 201 109 "-" "PostmanRuntime/7.26.8"
::1 - - [13/Dec/2020:15:59:50 +0000] "POST /criteres HTTP/1.1" 201 110 "-" "PostmanRuntime/7.26.8"
::1 - - [13/Dec/2020:16:00:08 +0000] "DELETE /criteres/10 HTTP/1.1" 200 29 "-" "PostmanRuntime/7.26.8"
::1 - - [13/Dec/2020:16:00:14 +0000] "DELETE /criteres/10 HTTP/1.1" 200 29 "-" "PostmanRuntime/7.26.8"
::1 - - [13/Dec/2020:16:00:16 +0000] "DELETE /criteres/10 HTTP/1.1" 200 29 "-" "PostmanRuntime/7.26.8"
::1 - - [13/Dec/2020:16:02:43 +0000] "POST /criteres HTTP/1.1" 201 110 "-" "PostmanRuntime/7.26.8"
::1 - - [13/Dec/2020:16:03:21 +0000] "POST /criteres HTTP/1.1" 201 110 "-" "PostmanRuntime/7.26.8"
::1 - - [13/Dec/2020:16:03:45 +0000] "DELETE /criteres/10 HTTP/1.1" 200 29 "-" "PostmanRuntime/7.26.8"
::1 - - [13/Dec/2020:16:04:12 +0000] "DELETE /criteres/12 HTTP/1.1" 200 29 "-" "PostmanRuntime/7.26.8"
::1 - - [13/Dec/2020:16:04:51 +0000] "GET /criteres HTTP/1.1" 200 1464 "-" "PostmanRuntime/7.26.8"
::1 - - [13/Dec/2020:16:05:06 +0000] "PUT /criteres/1 HTTP/1.1" 200 29 "-" "PostmanRuntime/7.26.8"
::1 - - [13/Dec/2020:16:05:14 +0000] "PUT /criteres/1 HTTP/1.1" 200 29 "-" "PostmanRuntime/7.26.8"
::1 - - [13/Dec/2020:16:05:30 +0000] "PUT /criteres/2 HTTP/1.1" 200 29 "-" "PostmanRuntime/7.26.8"
::1 - - [13/Dec/2020:16:05:41 +0000] "PUT /criteres/2 HTTP/1.1" 200 29 "-" "PostmanRuntime/7.26.8"
::1 - - [13/Dec/2020:16:07:43 +0000] "PUT /criteres/2 HTTP/1.1" 200 29 "-" "PostmanRuntime/7.26.8"
::1 - - [13/Dec/2020:16:07:52 +0000] "POST /criteres HTTP/1.1" 201 110 "-" "PostmanRuntime/7.26.8"
::1 - - [13/Dec/2020:16:08:11 +0000] "GET /criteres HTTP/1.1" 200 1511 "-" "PostmanRuntime/7.26.8"
::1 - - [13/Dec/2020:16:16:31 +0000] "GET /criteres HTTP/1.1" 200 1511 "-" "PostmanRuntime/7.26.8"
::1 - - [13/Dec/2020:16:16:35 +0000] "POST /criteres HTTP/1.1" 201 110 "-" "PostmanRuntime/7.26.8"
::1 - - [13/Dec/2020:16:17:09 +0000] "DELETE /criteres/14 HTTP/1.1" 200 29 "-" "PostmanRuntime/7.26.8"
::1 - - [13/Dec/2020:16:17:34 +0000] "POST /demeures HTTP/1.1" 201 198 "-" "PostmanRuntime/7.26.8"
::1 - - [13/Dec/2020:16:21:28 +0000] "POST /users HTTP/1.1" 201 244 "-" "PostmanRuntime/7.26.8"
::1 - - [13/Dec/2020:16:22:15 +0000] "POST /users HTTP/1.1" 201 243 "-" "PostmanRuntime/7.26.8"
::1 - - [13/Dec/2020:16:23:10 +0000] "POST /users HTTP/1.1" 201 252 "-" "PostmanRuntime/7.26.8"
::1 - - [13/Dec/2020:16:23:23 +0000] "GET /users HTTP/1.1" 200 743 "-" "PostmanRuntime/7.26.8"
::1 - - [13/Dec/2020:16:24:42 +0000] "PUT /users/1 HTTP/1.1" 404 146 "-" "PostmanRuntime/7.26.8"
::1 - - [13/Dec/2020:16:24:53 +0000] "PUT /users/1 HTTP/1.1" 404 146 "-" "PostmanRuntime/7.26.8"
::1 - - [13/Dec/2020:16:27:13 +0000] "POST /users/login HTTP/1.1" 404 34 "-" "PostmanRuntime/7.26.8"
::1 - - [13/Dec/2020:16:27:21 +0000] "PUT /users/1 HTTP/1.1" 404 146 "-" "PostmanRuntime/7.26.8"
::1 - - [13/Dec/2020:16:27:47 +0000] "POST /demeures HTTP/1.1" 201 198 "-" "PostmanRuntime/7.26.8"
::1 - - [13/Dec/2020:16:27:51 +0000] "POST /demeures HTTP/1.1" 400 58 "-" "PostmanRuntime/7.26.8"
::1 - - [13/Dec/2020:16:28:01 +0000] "POST /demeures HTTP/1.1" 400 58 "-" "PostmanRuntime/7.26.8"
::1 - - [13/Dec/2020:16:28:09 +0000] "POST /demeures HTTP/1.1" 201 200 "-" "PostmanRuntime/7.26.8"
::1 - - [13/Dec/2020:16:28:21 +0000] "GET /demeures HTTP/1.1" - - "-" "PostmanRuntime/7.26.8"
::1 - - [13/Dec/2020:16:28:31 +0000] "GET /users HTTP/1.1" 200 743 "-" "PostmanRuntime/7.26.8"
::1 - - [13/Dec/2020:16:29:12 +0000] "POST /users/login HTTP/1.1" 200 22 "-" "PostmanRuntime/7.26.8"
::1 - - [13/Dec/2020:16:29:35 +0000] "POST /users/login HTTP/1.1" 200 22 "-" "PostmanRuntime/7.26.8"
::1 - - [13/Dec/2020:16:30:10 +0000] "GET /demeures HTTP/1.1" - - "-" "PostmanRuntime/7.26.8"
::1 - - [13/Dec/2020:16:31:07 +0000] "POST /users/login HTTP/1.1" 200 22 "-" "PostmanRuntime/7.26.8"
::1 - - [13/Dec/2020:16:31:58 +0000] "POST /users/login HTTP/1.1" 200 179 "-" "PostmanRuntime/7.26.8"
::1 - - [13/Dec/2020:16:32:59 +0000] "GET /demeures HTTP/1.1" - - "-" "PostmanRuntime/7.26.8"
::1 - - [13/Dec/2020:16:33:03 +0000] "GET /demeures HTTP/1.1" - - "-" "PostmanRuntime/7.26.8"
::1 - - [13/Dec/2020:16:33:19 +0000] "GET /users HTTP/1.1" 200 743 "-" "PostmanRuntime/7.26.8"
::1 - - [13/Dec/2020:16:33:40 +0000] "GET /users HTTP/1.1" 200 743 "-" "PostmanRuntime/7.26.8"
::1 - - [13/Dec/2020:16:34:02 +0000] "PUT /users/1 HTTP/1.1" 404 146 "-" "PostmanRuntime/7.26.8"
::1 - - [13/Dec/2020:16:34:19 +0000] "PUT /users/1 HTTP/1.1" 404 146 "-" "PostmanRuntime/7.26.8"
::1 - - [13/Dec/2020:16:34:31 +0000] "PUT /users/1 HTTP/1.1" 404 146 "-" "PostmanRuntime/7.26.8"
::1 - - [13/Dec/2020:16:34:43 +0000] "PUT /users/1 HTTP/1.1" 404 146 "-" "PostmanRuntime/7.26.8"
::1 - - [13/Dec/2020:16:35:06 +0000] "POST /criteres HTTP/1.1" 201 109 "-" "PostmanRuntime/7.26.8"
::1 - - [13/Dec/2020:16:35:34 +0000] "POST /criteres HTTP/1.1" 403 46 "-" "PostmanRuntime/7.26.8"
::1 - - [13/Dec/2020:16:35:48 +0000] "GET /criteres HTTP/1.1" 200 47 "-" "PostmanRuntime/7.26.8"
::1 - - [13/Dec/2020:16:36:16 +0000] "GET /demeures HTTP/1.1" - - "-" "PostmanRuntime/7.26.8"
::1 - - [13/Dec/2020:16:37:33 +0000] "POST /criteres HTTP/1.1" 201 102 "-" "PostmanRuntime/7.26.8"
::1 - - [13/Dec/2020:16:37:43 +0000] "POST /criteres HTTP/1.1" 403 46 "-" "PostmanRuntime/7.26.8"
::1 - - [13/Dec/2020:16:38:04 +0000] "POST /criteres HTTP/1.1" 403 46 "-" "PostmanRuntime/7.26.8"
::1 - - [13/Dec/2020:16:38:33 +0000] "POST /criteres HTTP/1.1" 403 46 "-" "PostmanRuntime/7.26.8"
::1 - - [13/Dec/2020:16:38:40 +0000] "POST /criteres HTTP/1.1" 403 46 "-" "PostmanRuntime/7.26.8"
::1 - - [13/Dec/2020:16:38:49 +0000] "POST /criteres HTTP/1.1" 201 103 "-" "PostmanRuntime/7.26.8"
::1 - - [13/Dec/2020:16:39:16 +0000] "POST /criteres HTTP/1.1" 403 46 "-" "PostmanRuntime/7.26.8"
::1 - - [13/Dec/2020:16:44:28 +0000] "POST /users HTTP/1.1" 201 244 "-" "PostmanRuntime/7.26.8"
::1 - - [13/Dec/2020:16:44:39 +0000] "GET /users HTTP/1.1" 200 246 "-" "PostmanRuntime/7.26.8"
::1 - - [13/Dec/2020:16:44:57 +0000] "PUT /users/1 HTTP/1.1" 404 146 "-" "PostmanRuntime/7.26.8"
::1 - - [13/Dec/2020:16:45:08 +0000] "PUT /users/1 HTTP/1.1" 404 146 "-" "PostmanRuntime/7.26.8"
::1 - - [13/Dec/2020:16:45:28 +0000] "PUT /users/1 HTTP/1.1" 404 146 "-" "PostmanRuntime/7.26.8"
::1 - - [13/Dec/2020:16:45:49 +0000] "PUT /users/1 HTTP/1.1" 404 146 "-" "PostmanRuntime/7.26.8"
::1 - - [13/Dec/2020:16:46:04 +0000] "PUT /users/1 HTTP/1.1" 404 146 "-" "PostmanRuntime/7.26.8"
::1 - - [13/Dec/2020:16:46:21 +0000] "POST /users HTTP/1.1" 201 246 "-" "PostmanRuntime/7.26.8"
::1 - - [13/Dec/2020:16:46:58 +0000] "PUT /users/2 HTTP/1.1" 404 146 "-" "PostmanRuntime/7.26.8"
::1 - - [13/Dec/2020:16:47:03 +0000] "PUT /users/2 HTTP/1.1" 404 146 "-" "PostmanRuntime/7.26.8"
::1 - - [13/Dec/2020:16:47:15 +0000] "DELETE /users/2 HTTP/1.1" 404 149 "-" "PostmanRuntime/7.26.8"
::1 - - [13/Dec/2020:16:47:46 +0000] "POST /users/login HTTP/1.1" 200 179 "-" "PostmanRuntime/7.26.8"
::1 - - [13/Dec/2020:16:48:15 +0000] "GET /users HTTP/1.1" 200 493 "-" "PostmanRuntime/7.26.8"
::1 - - [13/Dec/2020:16:49:44 +0000] "PUT /users/2 HTTP/1.1" 404 146 "-" "PostmanRuntime/7.26.8"
::1 - - [13/Dec/2020:16:50:01 +0000] "DELETE /users/2 HTTP/1.1" 404 149 "-" "PostmanRuntime/7.26.8"
::1 - - [13/Dec/2020:16:51:25 +0000] "POST /demeures HTTP/1.1" 201 198 "-" "PostmanRuntime/7.26.8"
::1 - - [13/Dec/2020:16:51:31 +0000] "POST /demeures HTTP/1.1" 201 200 "-" "PostmanRuntime/7.26.8"
::1 - - [13/Dec/2020:16:51:35 +0000] "POST /demeures HTTP/1.1" 201 200 "-" "PostmanRuntime/7.26.8"
::1 - - [13/Dec/2020:16:51:50 +0000] "GET /demeures HTTP/1.1" 200 641 "-" "PostmanRuntime/7.26.8"
::1 - - [13/Dec/2020:16:52:11 +0000] "PUT /demeures/3 HTTP/1.1" 200 29 "-" "PostmanRuntime/7.26.8"
::1 - - [13/Dec/2020:16:52:38 +0000] "DELETE /demeures/3 HTTP/1.1" 200 29 "-" "PostmanRuntime/7.26.8"
::1 - - [13/Dec/2020:16:53:06 +0000] "POST /criteres HTTP/1.1" 201 2 "-" "PostmanRuntime/7.26.8"
::1 - - [13/Dec/2020:16:53:28 +0000] "POST /criteres HTTP/1.1" 201 111 "-" "PostmanRuntime/7.26.8"
::1 - - [13/Dec/2020:16:53:45 +0000] "POST /criteres HTTP/1.1" 201 111 "-" "PostmanRuntime/7.26.8"
::1 - - [13/Dec/2020:16:54:00 +0000] "GET /criteres HTTP/1.1" 200 340 "-" "PostmanRuntime/7.26.8"
::1 - - [13/Dec/2020:16:54:17 +0000] "PUT /criteres/2 HTTP/1.1" 200 29 "-" "PostmanRuntime/7.26.8"
::1 - - [13/Dec/2020:16:54:30 +0000] "POST /criteres HTTP/1.1" 201 111 "-" "PostmanRuntime/7.26.8"
::1 - - [13/Dec/2020:16:54:41 +0000] "DELETE /criteres/4 HTTP/1.1" 200 29 "-" "PostmanRuntime/7.26.8"
